         w __deregister_frame_info
         w __register_frame_info
         w userAppExit
         w userAppInit
00000000 00000401 B __ctru_dev_path_buf
00000000 b _TLS_MODULE_BASE_
00000000 a shift
00000000 a shift
00000404 00000802 B __ctru_dev_utf16_buf
00100000 A __start__
00100000 T _start
00100008 T __service_ptr
0010000c T __apt_appid
00100010 T __heap_size
00100014 T __linear_heap_size
00100018 T __system_arglist
0010001c T __system_runflags
00100020 t startup
00100058 t ClearMem
0010006c t ClrLoop
00100094 T _init
001000ac T __aeabi_idiv
001000ac 00000220 T __divsi3
001000b4 t .divsi3_skip_div0_test
001002cc 00000020 T __aeabi_idivmod
001002ec 00000004 W __aeabi_idiv0
001002ec 00000004 W __aeabi_ldiv0
001002f0 T __aeabi_ldivmod
001003c4 T __aeabi_uldivmod
00100408 00000390 T strcmp
00100790 t .udivsi3_skip_div0_test
00100790 T __aeabi_uidiv
00100790 000001ec T __udivsi3
0010097c 00000020 T __aeabi_uidivmod
0010099c T __aeabi_drsub
001009a4 000002b0 T __aeabi_dsub
001009a4 000002b0 T __subdf3
001009a8 000002ac T __adddf3
001009a8 000002ac T __aeabi_dadd
00100c54 00000024 T __aeabi_ui2d
00100c54 00000024 T __floatunsidf
00100c78 00000028 T __aeabi_i2d
00100c78 00000028 T __floatsidf
00100ca0 00000048 T __aeabi_f2d
00100ca0 00000048 T __extendsfdf2
00100ce8 00000074 T __aeabi_ul2d
00100ce8 00000074 T __floatundidf
00100cfc 00000060 T __aeabi_l2d
00100cfc 00000060 T __floatdidf
00100d5c t __do_global_dtors_aux
00100d9c t frame_dummy
00100dc8 00000124 T selector
00100eec 000000ac T main
00100f98 00000178 T consoleDrawChar
00101110 00000124 T consolePrintChar
00101234 00000a00 T con_write
00101c34 00000168 T consoleInit
00101d9c 000000f4 t newRow
00101e90 000000d0 t gfxPresentFramebuffer
00101f60 0000001c T gfxIsWide
00101f7c 000000ec T gfxSetScreenFormat
00102068 00000010 T gfxSetDoubleBuffering
00102078 00000108 T gfxInit
00102180 00000010 T gfxInitDefault
00102190 000000b4 T gfxExit
00102244 000000a0 T gfxGetFramebuffer
001022e4 0000010c T gfxFlushBuffers
001023f0 00000050 T gfxSwapBuffers
00102440 00000050 T gfxSwapBuffersGpu
00102490 00000c58 t gspHardwareInit
001030e8 00000254 T gspInit
0010333c 000000f0 T gspExit
0010342c 00000010 T gspHasGpuRight
0010343c 00000098 T gspPresentBuffer
001034d4 00000050 T gspWaitForEvent
00103524 00000004 W gxCmdQueueInterrupt
00103528 00000160 t gspEventThreadMain
00103688 00000050 T GSPGPU_FlushDataCache
001036d8 00000034 T GSPGPU_SetLcdForceBlack
0010370c 00000068 T GSPGPU_AcquireRight
00103774 00000048 T GSPGPU_ReleaseRight
001037bc 0000007c T GSPGPU_ImportDisplayCaptureInfo
00103838 0000002c T GSPGPU_SaveVramSysArea
00103864 0000002c T GSPGPU_RestoreVramSysArea
00103890 00000074 T mcuHwcInit
00103904 0000003c T mcuHwcExit
00103940 000001b0 t aptConvertScreenForCapture
00103af0 00000008 W aptDspSleep
00103af8 00000004 W aptDspWakeup
00103afc 00000004 W aptDspCancel
00103b00 0000015c T aptSendCommand
00103c5c 00000038 t aptExitProcess
00103c94 000002f0 T aptExit
00103f84 000000d8 T aptHandleSleep
0010405c 00000084 T APT_SleepIfShellClosed
001040e0 00000084 T aptSetSleepAllowed
00104164 00000084 T APT_UnlockTransition
001041e8 00000484 t aptEventHandler
0010466c 000000b0 T APT_ReceiveParameter
0010471c 000000b0 t aptReceiveParameter.constprop.0
001047d0 000002bc t aptScreenTransfer
00104a8c 000002d0 t aptWaitForWakeUp.isra.0
00104d5c 000000f8 T aptJumpToHomeMenu
00104e54 0000004c T aptMainLoop
00104ea0 00000234 T aptInit
001050d4 0000007c T APT_CheckNew3DS
00105150 00000024 W hidShouldUseIrrst
00105174 0000018c T hidInit
00105300 000000e8 T hidExit
001053e8 00000294 T hidScanInput
0010567c 00000010 T hidKeysDown
0010568c 00000038 W __libctru_init
001056c4 000000f0 W __system_initArgv
001057b4 T svcControlMemory
001057d4 T svcQueryMemory
00105804 T svcExitProcess
0010580c T svcCreateThread
0010582c T svcExitThread
00105834 T svcSleepThread
0010583c T svcReleaseMutex
00105844 T svcCreateEvent
00105858 T svcSignalEvent
00105860 T svcClearEvent
00105868 T svcMapMemoryBlock
00105870 T svcUnmapMemoryBlock
00105878 T svcCreateAddressArbiter
0010588c T svcArbitrateAddressNoTimeout
00105894 T svcCloseHandle
0010589c T svcWaitSynchronization
001058a4 T svcWaitSynchronizationN
001058cc T svcDuplicateHandle
001058e0 T svcGetSystemTick
001058e8 T svcConnectToPort
001058fc T svcSendSyncRequest
00105904 T svcGetResourceLimit
00105918 T svcGetResourceLimitLimitValues
00105920 T svcGetResourceLimitCurrentValues
00105928 T svcBreak
00105930 W initSystem
00105980 W __ctru_exit
00105998 00000024 t addrMapNodeComparator(rbtree_node const*, rbtree_node const*)
001059bc 00000004 t addrMapNodeDestructor(rbtree_node*)
001059c0 00000114 T vramMemAlign
00105ad4 00000008 T vramAlloc
00105adc 0000005c T vramFree
00105b38 00000024 t addrMapNodeComparator(rbtree_node const*, rbtree_node const*)
00105b5c 00000004 t addrMapNodeDestructor(rbtree_node*)
00105b60 00000120 T linearMemAlign
00105c80 00000008 T linearAlloc
00105c88 0000005c T linearFree
00105ce4 00000084 T MemPool::CoalesceRight(MemBlock*)
00105d68 00000170 T MemPool::Allocate(MemChunk&, unsigned long, int)
00105ed8 000000fc T MemPool::Deallocate(MemChunk const&)
00105fd4 0000000c T __sync_init
00105fe0 00000018 T __sync_fini
00105ff8 0000002c T syncArbitrateAddress
00106024 0000001c T LightLock_Init
00106040 00000094 T LightLock_Lock
001060d4 00000044 T LightLock_TryLock
00106118 00000040 T LightLock_Unlock
00106158 00000024 T RecursiveLock_Init
0010617c 00000030 T RecursiveLock_Lock
001061ac 00000078 T RecursiveLock_TryLock
00106224 00000054 T RecursiveLock_Unlock
00106278 00000040 T LightEvent_Init
001062b8 000000a4 T LightEvent_Clear
0010635c 000000c8 T LightEvent_Signal
00106424 00000058 T LightEvent_TryWait
0010647c 000000b0 T LightEvent_Wait
0010652c 00000054 T osGetTimeRef
00106580 000000e4 T osGetTime
00106664 00000074 T __libctru_gtod
001066d8 00000034 T __ctru_speedup_config
0010670c 00000124 T srvInit
00106830 00000058 T srvExit
00106888 00000080 T srvGetServiceHandleDirect
00106908 00000048 T srvGetServiceHandle
00106950 00000038 T srvPublishToSubscriber
00106988 00000188 T threadCreate
00106b10 0000002c T threadFree
00106b3c 00000024 T threadJoin
00106b60 00000030 T threadGetCurrent
00106b90 00000040 T threadExit
00106bd0 00000044 t _thread_begin
00106c14 00000094 t mappableFindAddressWithin
00106ca8 00000028 T mappableInit
00106cd0 00000080 T mappableAlloc
00106d50 00000004 T mappableFree
00106d54 00000160 T irrstInit
00106eb4 000000cc T irrstExit
00106f80 000000b0 T irrstScanInput
00107030 00000024 T irrstKeysHeld
00107054 0000000c T srvPmGetSessionHandle
00107060 00000074 T ptmSysmInit
001070d4 0000003c T ptmSysmExit
00107110 00000034 T PTMSYSM_ConfigureNew3DSCPU
00107144 00000010 T rbtree_init
00107154 000001a0 t do_insert
001072f4 00000008 T rbtree_insert
001072fc 00000090 T rbtree_rotate
0010738c 00000338 T rbtree_remove
001076c4 00000074 T rbtree_find
00107738 00000030 W __appInit
00107768 00000030 t __libctru_nanosleep
00107798 00000030 t __libctru_get_reent
001077c8 000000f8 T __system_initSyscalls
001078c0 000001e0 W __system_allocateHeaps
00107aa0 00000030 W __appExit
00107ad0 00000090 W __libctru_exit
00107b60 00000084 W envGetHandle
00107be4 00000050 W envDestroyHandles
00107c34 00000014 t archive_link
00107c48 00000014 t archive_dirreset
00107c5c 00000014 t archive_chmod
00107c70 00000024 t error_cmp
00107c94 00000050 t archive_translate_error
00107ce4 000000d4 t archive_seek
00107db8 0000007c t _archiveInit.part.0
00107e34 0000008c t archiveFindDevice.part.0
00107ec0 00000294 t archive_utf16path
00108154 000000a0 t _archiveUnmountDeviceStruct.part.0
001081f4 00000014 t archive_fchmod
00108208 00000014 t archive_statvfs
0010821c 00000158 t _archiveMountDevice
00108374 000000e8 t archive_diropen
0010845c 000000a4 t archive_fstat
00108500 0000006c t archive_close
0010856c 0000006c t archive_fsync
001085d8 00000070 t archive_dirclose
00108648 000000e8 t sdmc_statvfs
00108730 00000080 t archive_ftruncate
001087b0 000000fc t archive_chdir
001088ac 000000b0 t archive_read
0010895c 000000ac t archive_unlink
00108a08 000000c8 t archive_rmdir
00108ad0 000000ec t archive_mkdir
00108bbc 000001a8 t archive_stat
00108d64 00000184 t archive_rename
00108ee8 00000168 t archive_dirnext
00109050 0000012c t archive_write
0010917c 000001f0 t archive_open
0010936c 000001a4 T archiveMountSdmc
00109510 00000054 T archiveUnmountAll
00109564 000000c8 T fsInit
0010962c 0000003c T fsExit
00109668 00000060 T fsExemptFromSession
001096c8 00000050 T fsUnexemptFromSession
00109718 000000cc T FSUSER_OpenFile
001097e4 000000bc T FSUSER_DeleteFile
001098a0 000000f8 T FSUSER_RenameFile
00109998 000000bc T FSUSER_DeleteDirectory
00109a54 000000d4 T FSUSER_CreateFile
00109b28 000000c4 T FSUSER_CreateDirectory
00109bec 000000f8 T FSUSER_RenameDirectory
00109ce4 000000b4 T FSUSER_OpenDirectory
00109d98 00000094 T FSUSER_OpenArchive
00109e2c 0000008c T FSUSER_CloseArchive
00109eb8 00000074 T FSUSER_GetSdmcArchiveResource
00109f2c 00000064 T FSUSER_IsSdmcWritable
00109f90 00000058 T FSFILE_Read
00109fe8 00000060 T FSFILE_Write
0010a048 00000038 T FSFILE_GetSize
0010a080 00000028 T FSFILE_SetSize
0010a0a8 0000003c T FSFILE_Close
0010a0e4 00000024 T FSFILE_Flush
0010a108 00000050 T FSDIR_Read
0010a158 0000003c T FSDIR_Close
0010a194 00000050 T rbtree_node_next
0010a1e4 000000e8 T utf16_to_utf8
0010a2cc 00000064 T decode_utf16
0010a330 0000013c T decode_utf8
0010a46c 000000c0 T utf8_to_utf16
0010a52c T __aeabi_read_tp
0010a538 00000060 T encode_utf16
0010a598 000000fc T encode_utf8
0010a694 00000120 T __udivmoddi4
0010a7b4 00000078 T bsearch
0010a82c 0000000c T __errno
0010a838 00000034 T exit
0010a86c 0000003c T __libc_fini_array
0010a8a8 0000007c T __libc_init_array
0010a924 00000028 T memalign
0010a94c 00000148 T _memalign_r
0010aa94 00000020 T malloc
0010aab4 00000020 T free
0010aad4 000007f0 T _malloc_r
0010b2c4 000000e0 T memchr
0010b3a4 0000011c T memcpy
0010b4c0 00000118 T memset
0010b5d8 0000000c T __malloc_lock
0010b5e4 0000000c T __malloc_unlock
0010b5f0 00000034 T printf
0010b624 00000260 T setvbuf
0010b884 00000074 T sscanf
0010b8f8 00000044 T __sread
0010b93c 00000008 T __seofread
0010b944 00000068 T __swrite
0010b9ac 00000048 T __sseek
0010b9f4 00000008 T __sclose
0010b9fc 0000005c T strlen
0010ba58 000000ec T strncat
0010bb44 000000dc T strncmp
0010bc20 000000c0 T strncpy
0010bce0 00000048 T strnlen
0010bd28 00000050 t get_arg
0010bd78 00002b68 T __ssvfscanf_r
0010e8e0 0000064c t get_arg
0010ef2c 00000034 T __sprint_r
0010ef60 00002584 T _vfiprintf_r
001114e4 000000d4 t __sbprintf
001115b8 0000064c t get_arg
00111c08 000038d4 T _vfprintf_r
001154dc 000000d4 t __sbprintf
001155b0 00000054 T _wcrtomb_r
00115604 00000028 T _wcsrtombs_r
0011562c 00000154 T __swsetup_r
00115780 00000114 T __call_exitprocs
00115894 000001a8 t quorem
00115a40 000012ec T _dtoa_r
00116d2c 00000258 T __sflush_r
00116f84 00000094 T _fflush_r
00117018 0000000c T _cleanup_r
00117024 00000184 T __sinit
001171a8 0000000c T __sfp_lock_acquire
001171b4 0000000c T __sfp_lock_release
001171c0 000000f8 T _malloc_trim_r
001172b8 000002e4 T _free_r
0011759c 000004a4 T __sfvwrite_r
00117a40 00000070 T _fwalk_reent
00117ab0 00000008 T iswspace
00117ab8 0000000c T _localeconv_r
00117ac4 00000010 T __locale_mb_cur_max
00117ad4 00000138 T __smakebuf_r
00117c0c 00000094 T __swhatbuf_r
00117ca0 00000068 T _mbrtowc_r
00117d08 000002fc T __utf8_mbtowc
00118004 00000154 T memmove
00118158 00000088 T _Balloc
001181e0 0000001c T _Bfree
001181fc 000000f4 T __multadd
001182f0 00000110 T __s2b
00118400 00000058 T __hi0bits
00118458 0000009c T __lo0bits
001184f4 000000a4 T __i2b
00118598 00000204 T __multiply
0011879c 00000120 T __pow5mult
001188bc 0000013c T __lshift
001189f8 00000058 T __mcmp
00118a50 000001cc T __mdiff
00118c1c 00000088 T __ulp
00118ca4 000000d4 T __b2d
00118d78 0000012c T __d2b
00118ea4 00000078 T __ratio
00118f1c 00000088 T __copybits
00118fa4 0000005c T __any_on
00119000 00000028 T realloc
00119028 00000598 T _realloc_r
001195c0 000000e4 T __sccl
001196a4 0000000c T nanf
001196b0 000000a8 T frexp
00119758 00000064 T sprintf
001197bc 000000b8 T stpncpy
00119874 00000144 T strchr
001199b8 0000130c T _strtod_l
0011acc4 0000000c T _strtod_r
0011acd0 0000022c t _strtoll_l.constprop.0
0011aefc 00000004 T _strtoll_r
0011af00 000001b0 t _strtol_l.part.0
0011b0b0 0000003c T _strtol_r
0011b0ec 00000244 t _strtoull_l.constprop.0
0011b330 00000004 T _strtoull_r
0011b334 000001c8 t _strtoul_l.constprop.0
0011b4fc 00000004 T _strtoul_r
0011b500 00000188 T __ssprint_r
0011b688 000000e0 T _sungetc_r
0011b768 0000006c T __ssrefill_r
0011b7d4 000000c8 T _sfread_r
0011b89c 0000064c t get_arg
0011bee8 00003808 T _svfprintf_r
0011f6f0 000000a8 T __submore
0011f798 00000190 T _wcsnrtombs_l
0011f928 0000004c T _wcsnrtombs_r
0011f974 000000f0 T __utf8_wctomb
0011fa64 0000005c T __assert_func
0011fac0 00000094 T _calloc_r
0011fb54 00000160 T _fclose_r
0011fcb4 0000003c T fiprintf
0011fcf0 000000ec t rshift
0011fddc 00000928 T __gethex
00120704 0000004c T __match
00120750 0000029c T __hexnan
001209ec 0000003c T iswspace_l
00120a28 000001d4 t __jp2uc
00120bfc 0000009c T _jp2uc_l
00120c98 00000010 T nan
00120ca8 00000014 T abort
00120cbc 00000084 T category
00120d40 00000098 T _raise_r
00120dd8 00000020 T raise
00120df8 00000008 t null_write
00120e00 00000018 T setDefaultDevice
00120e18 000000c8 T FindDevice
00120ee0 00000028 T RemoveDevice
00120f08 0000009c T AddDevice
00120fa4 00000020 T GetDeviceOpTab
00120fc4 00000078 T _fstat_r
0012103c 00000014 T _getpid_r
00121050 00000008 T _isatty_r
00121058 00000014 T _kill_r
0012106c 00000084 T _lseek_r
001210f0 00000080 T _read_r
00121170 00000078 T _sbrk_r
001211e8 00000080 T _write_r
00121268 00000024 T _exit
0012128c 000001b8 T _concatenate_path
00121444 00000160 T chdir
001215a4 00000008 T __flockfile
001215ac 00000008 T __funlockfile
001215b4 00000018 T __libc_lock_acquire
001215cc 00000018 T __libc_lock_release
001215e4 00000018 T __libc_lock_init_recursive
001215fc 00000018 T __libc_lock_acquire_recursive
00121614 00000018 T __libc_lock_release_recursive
0012162c 00000018 T __libc_lock_close_recursive
00121644 0000003c T __get_handle
00121680 000000f4 T _close_r
00121774 00000028 T __getreent
0012179c 00000038 T __aeabi_d2lz
0012179c 00000038 T __fixdfdi
001217d8 00000040 T __aeabi_d2ulz
001217d8 00000040 T __fixunsdfdi
00121818 00000044 T strrchr
0012185c T _fini
001220d4 00000030 r colorTable
00122104 00000070 r dotab_stdout
001221a4 00000008 r morton_x.3
001221ac 00000008 r morton_y.2
001221b4 00000008 r s_sleepWakeEvents.4
001221d4 R default_font_bin
001229d4 R default_font_bin_end
00122a0c 00000070 r archive_devoptab
00122a7c 00000030 r error_table
00122ab4 00000004 R _global_impure_ptr
00122ac0 00000022 r basefix.0
00122b0c 00000010 r blanks.1
00122b1c 00000010 r zeroes.0
00122b40 00000010 r blanks.1
00122b50 00000010 r zeroes.0
00122b60 00000101 R _ctype_
00122c74 r .LC2
00122d58 00000028 R __mprec_bigtens
00122d80 000000c8 R __mprec_tens
00122e48 0000000c r p05.0
00122e64 00000014 r fpi.1
00122e78 00000014 r fpinan.0
00122e90 00000028 r tinytens
00122eb8 0000006c R __action_table
00122f24 00000100 R __chclass
00123024 0000006c R __state_table
00123090 00000010 r blanks.1
001230a0 00000010 r zeroes.0
00123138 00000100 R __hexdig
0012324c 000000bc r a1
00123308 000000bc r a2
001233c4 0000005b r a3
00123420 00000070 r a6
00123490 000000a2 r a7
00123534 00000040 r a8
00123574 0000172a r b02cf
00124ca0 00001a7c r d02f4
0012671c 0000000c R _C_numeric_locale
00126728 000031e6 r categories
00129910 00000070 R dotab_stdnull
00129980 r 
00129980 R __exidx_end
00129980 R __exidx_start
0012a000 00000004 D text1
0012a004 00000004 D text2
0012a008 00000004 D currentConsole
0012a00c 0000004c D defaultConsole
0012a058 00000001 d firstConsoleInit.0
0012a05c 00000004 d kCount
0012a060 00000004 d kDelay
0012a064 00000004 d kInterval
0012a068 W __stacksize__
0012a06c 00000004 D _impure_ptr
0012a070 00000460 d impure_data
0012a4d0 00000408 D __malloc_av_
0012a8d8 00000004 D __malloc_sbrk_base
0012a8dc 00000004 D __malloc_trim_threshold
0012a8e0 0000000c d __malloc_recursive_mutex
0012a8ec 0000000c D __atexit_recursive_mutex
0012a8f8 0000000c d __sfp_recursive_mutex
0012a904 0000000c d __sinit_recursive_mutex
0012a910 0000016c D __global_locale
0012aa7c 00000002 d numempty
0012aa80 00000004 d defaultDevice
0012aa84 0000008c D devoptab_list
0012ab10 00000400 d _current_working_directory
0012af10 00000004 d __hndl_lock
0012af14 0000000c d __stderr_handle
0012af20 0000000c d __stdin_handle
0012af2c 0000000c d __stdout_handle
0012af38 00001000 d handles
0012bf40 d _GLOBAL_OFFSET_TABLE_
0012bf4c d __frame_dummy_init_array_entry
0012bf4c D __init_array_start
0012bf4c B __preinit_array_end
0012bf4c B __preinit_array_start
0012bf4c D __tdata_lma
0012bf4c D __tdata_lma_end
0012bf50 d __do_global_dtors_aux_fini_array_entry
0012bf50 D __fini_array_start
0012bf50 D __init_array_end
0012bf54 D __bss_start__
0012bf54 D __fini_array_end
0012bf54 00000004 B pos
0012bf58 b completed.1
0012bf5c b object.0
0012bf74 0000004c B currentCopy
0012bfc0 00000004 b gfxBottomFramebufferMaxSize
0012bfc4 00000008 b gfxBottomFramebuffers
0012bfcc 00000002 b gfxCurBuf
0012bfd0 00000002 b gfxFramebufferFormats
0012bfd4 00000002 b gfxIsDoubleBuf
0012bfd6 00000001 b gfxIsVram
0012bfd8 00000004 b gfxTopFramebufferMaxSize
0012bfdc 00000008 b gfxTopFramebuffers
0012bfe4 00000001 b gfxTopMode
0012bfe8 00000004 b screenAlloc
0012bfec 00000004 b screenFree
0012bff0 00000004 b gspEvent
0012bff4 0000001c b gspEventCb
0012c010 0000001c b gspEventCbData
0012c02c 00000007 b gspEventCbOneShot
0012c034 00000004 b gspEventThread
0012c038 00000038 b gspEvents
0012c070 00000004 b gspGpuHandle
0012c074 00000001 b gspGpuRight
0012c078 00000004 b gspLastEvent
0012c07c 00000004 b gspRefCount
0012c080 00000001 b gspRunEvents
0012c084 00000004 b gspSharedMem
0012c088 00000004 b gspSharedMemHandle
0012c08c 00000001 b gspThreadId
0012c090 00000004 b mcuHwcHandle
0012c094 00000004 b mcuHwcRefCount
0012c098 00000001 b aptChainloadFlags
0012c099 00000001 b aptChainloadMediatype
0012c0a0 00000008 b aptChainloadTid
0012c0a8 00000004 b aptEventHandlerThread
0012c0ac 00000001 b aptEventHandlerThreadQuit
0012c0b0 00000008 b aptEvents
0012c0b8 0000000c b aptFirstHook
0012c0c4 00000004 b aptFlags
0012c0c8 00000001 b aptHomeButtonState
0012c0cc 00000004 b aptLockHandle
0012c0d0 00000004 b aptMessageFunc
0012c0d4 00000004 b aptMessageFuncData
0012c0d8 00001000 b aptParameters
0012d0d8 00000008 b aptReceiveEvent
0012d0e0 00000004 b aptRefCount
0012d0e4 00000008 b aptSleepEvent
0012d0ec 00000001 b flagInit.1
0012d0ed 00000001 b flagValue.0
0012d0f0 00000004 b serviceName.6
0012d0f4 00000006 b aVec
0012d0fc 00000004 b cPos
0012d100 00000006 b gRate
0012d108 00000014 B hidEvents
0012d11c 00000004 B hidHandle
0012d120 00000004 B hidMemHandle
0012d124 00000004 b hidRefCount
0012d128 00000004 B hidSharedMem
0012d12c 00000004 b kDown
0012d130 00000004 b kHeld
0012d134 00000004 b kOld
0012d138 00000004 b kRepeat
0012d13c 00000004 b kUp
0012d140 00000004 b tPos
0012d144 00000001 b usingIrrst
0012d148 00000004 B __system_retAddr
0012d14c 00000004 B __system_argc
0012d150 00000004 B __system_argv
0012d154 b saved_stack
0012d15c 0000000c b sAddrMap
0012d168 00000008 b sVramPool
0012d170 00000008 b sLinearPool
0012d178 0000000c b sAddrMap
0012d184 00000004 b arbiter
0012d188 00000001 V __ctru_speedup
0012d18c 00000004 b srvHandle
0012d190 00000004 b srvRefCount
0012d194 00000004 b currentAddr
0012d198 00000004 b maxAddr
0012d19c 00000004 b minAddr
0012d1a0 00000004 b csPos
0012d1a4 00000004 B irrstEvent
0012d1a8 00000004 B irrstHandle
0012d1ac 00000004 B irrstMemHandle
0012d1b0 00000004 b irrstRefCount
0012d1b4 00000004 B irrstSharedMem
0012d1b8 00000004 b kHeld
0012d1bc 00000004 b srvPmHandle
0012d1c0 00000004 b ptmSysmHandle
0012d1c4 00000004 b ptmSysmRefCount
0012d1c8 00000004 B __ctru_heap
0012d1cc 00000004 V __ctru_heap_size
0012d1d0 00000004 B __ctru_linear_heap
0012d1d4 00000004 V __ctru_linear_heap_size
0012d1d8 00000004 b archive_device_cwd
0012d1e0 00000540 b archive_devices
0012d720 00000001 b archive_initialized
0012d728 00000080 b fsExemptArchives
0012d7a8 00000004 b fsuHandle
0012d7ac 00000004 b fsuRefCount
0012d7b0 00000028 B __malloc_current_mallinfo
0012d7d8 00000004 B __malloc_max_sbrked_mem
0012d7dc 00000004 B __malloc_max_total_mem
0012d7e0 00000004 B __malloc_top_pad
0012d7e4 00000004 b heap_start.0
0012d7e8 00000004 B fake_heap_end
0012d7ec 00000004 B fake_heap_start
0012d7f0 00000400 b temp_cwd
0012dbf0 00000048 B __syscalls
0012dc38 B __tls_start
0012e840 B __bss_end__
0012e840 A __end__
0012e840 B __tls_end
